<?xml version="1.0" encoding="UTF-8"?>
<!-- Generated by org.testng.reporters.JUnitReportReporter -->
<testsuite hostname="ACTPOHOM" failures="0" tests="2" name="Testing" time="36.757" errors="0" timestamp="2022-12-08T14:55:56 MSK" skipped="0">
  <testcase classname="Testing" name="FindRatingYesterday" time="5.847"/>
  <testcase classname="Testing" name="FindInformationAboutDetectionAndMasking" time="30.910"/>
</testsuite> <!-- Testing -->
